This is pdfTeX, Version 3.14159265-2.6-1.40.19 (MiKTeX 2.9.6730 64-bit) (preloaded format=pdflatex 2018.7.7)  30 OCT 2019 12:58
entering extended mode
**./HW3.tex
(HW3.tex
LaTeX2e <2018-04-01> patch level 5
("C:\Users\josep\AppData\Local\Programs\MiKTeX 2.9\tex\latex\base\article.cls"
Document Class: article 2014/09/29 v1.4h Standard LaTeX document class
("C:\Users\josep\AppData\Local\Programs\MiKTeX 2.9\tex\latex\base\size11.clo"
File: size11.clo 2014/09/29 v1.4h Standard LaTeX file (size option)
)
\c@part=\count80
\c@section=\count81
\c@subsection=\count82
\c@subsubsection=\count83
\c@paragraph=\count84
\c@subparagraph=\count85
\c@figure=\count86
\c@table=\count87
\abovecaptionskip=\skip41
\belowcaptionskip=\skip42
\bibindent=\dimen102
)
("C:\Users\josep\AppData\Local\Programs\MiKTeX 2.9\tex\latex\tcolorbox\tcolorbo
x.sty"
Package: tcolorbox 2019/09/19 version 4.21 text color boxes

("C:\Users\josep\AppData\Local\Programs\MiKTeX 2.9\tex\latex\pgf\basiclayer\pgf
.sty"
("C:\Users\josep\AppData\Local\Programs\MiKTeX 2.9\tex\latex\pgf\utilities\pgfr
cs.sty"
("C:\Users\josep\AppData\Local\Programs\MiKTeX 2.9\tex\generic\pgf\utilities\pg
futil-common.tex"
\pgfutil@everybye=\toks14
\pgfutil@tempdima=\dimen103
\pgfutil@tempdimb=\dimen104

("C:\Users\josep\AppData\Local\Programs\MiKTeX 2.9\tex\generic\pgf\utilities\pg
futil-common-lists.tex"))
("C:\Users\josep\AppData\Local\Programs\MiKTeX 2.9\tex\generic\pgf\utilities\pg
futil-latex.def"
\pgfutil@abb=\box26

("C:\Users\josep\AppData\Local\Programs\MiKTeX 2.9\tex\latex\ms\everyshi.sty"
Package: everyshi 2001/05/15 v3.00 EveryShipout Package (MS)
))
("C:\Users\josep\AppData\Local\Programs\MiKTeX 2.9\tex\generic\pgf\utilities\pg
frcs.code.tex"
("C:\Users\josep\AppData\Local\Programs\MiKTeX 2.9\tex\generic\pgf\pgf.revision
.tex")
Package: pgfrcs 2019/08/03 v3.1.4b (3.1.4b)
))
Package: pgf 2019/08/03 v3.1.4b (3.1.4b)

("C:\Users\josep\AppData\Local\Programs\MiKTeX 2.9\tex\latex\pgf\basiclayer\pgf
core.sty"
("C:\Users\josep\AppData\Local\Programs\MiKTeX 2.9\tex\latex\graphics\graphicx.
sty"
Package: graphicx 2017/06/01 v1.1a Enhanced LaTeX Graphics (DPC,SPQR)

("C:\Users\josep\AppData\Local\Programs\MiKTeX 2.9\tex\latex\graphics\keyval.st
y"
Package: keyval 2014/10/28 v1.15 key=value parser (DPC)
\KV@toks@=\toks15
)
("C:\Users\josep\AppData\Local\Programs\MiKTeX 2.9\tex\latex\graphics\graphics.
sty"
Package: graphics 2017/06/25 v1.2c Standard LaTeX Graphics (DPC,SPQR)

("C:\Users\josep\AppData\Local\Programs\MiKTeX 2.9\tex\latex\graphics\trig.sty"
Package: trig 2016/01/03 v1.10 sin cos tan (DPC)
)
("C:\Users\josep\AppData\Local\Programs\MiKTeX 2.9\tex\latex\graphics-cfg\graph
ics.cfg"
File: graphics.cfg 2016/06/04 v1.11 sample graphics configuration
)
Package graphics Info: Driver file: pdftex.def on input line 99.

("C:\Users\josep\AppData\Local\Programs\MiKTeX 2.9\tex\latex\graphics-def\pdfte
x.def"
File: pdftex.def 2018/01/08 v1.0l Graphics/color driver for pdftex
))
\Gin@req@height=\dimen105
\Gin@req@width=\dimen106
)
("C:\Users\josep\AppData\Local\Programs\MiKTeX 2.9\tex\latex\pgf\systemlayer\pg
fsys.sty"
("C:\Users\josep\AppData\Local\Programs\MiKTeX 2.9\tex\generic\pgf\systemlayer\
pgfsys.code.tex"
Package: pgfsys 2019/08/03 v3.1.4b (3.1.4b)

("C:\Users\josep\AppData\Local\Programs\MiKTeX 2.9\tex\generic\pgf\utilities\pg
fkeys.code.tex"
\pgfkeys@pathtoks=\toks16
\pgfkeys@temptoks=\toks17

("C:\Users\josep\AppData\Local\Programs\MiKTeX 2.9\tex\generic\pgf\utilities\pg
fkeysfiltered.code.tex"
\pgfkeys@tmptoks=\toks18
))
\pgf@x=\dimen107
\pgf@y=\dimen108
\pgf@xa=\dimen109
\pgf@ya=\dimen110
\pgf@xb=\dimen111
\pgf@yb=\dimen112
\pgf@xc=\dimen113
\pgf@yc=\dimen114
\pgf@xd=\dimen115
\pgf@yd=\dimen116
\w@pgf@writea=\write3
\r@pgf@reada=\read1
\c@pgf@counta=\count88
\c@pgf@countb=\count89
\c@pgf@countc=\count90
\c@pgf@countd=\count91
\t@pgf@toka=\toks19
\t@pgf@tokb=\toks20
\t@pgf@tokc=\toks21
\pgf@sys@id@count=\count92

("C:\Users\josep\AppData\Local\Programs\MiKTeX 2.9\tex\generic\pgf\systemlayer\
pgf.cfg"
File: pgf.cfg 2019/08/03 v3.1.4b (3.1.4b)
)
Driver file for pgf: pgfsys-pdftex.def

("C:\Users\josep\AppData\Local\Programs\MiKTeX 2.9\tex\generic\pgf\systemlayer\
pgfsys-pdftex.def"
File: pgfsys-pdftex.def 2019/08/03 v3.1.4b (3.1.4b)

("C:\Users\josep\AppData\Local\Programs\MiKTeX 2.9\tex\generic\pgf\systemlayer\
pgfsys-common-pdf.def"
File: pgfsys-common-pdf.def 2019/08/03 v3.1.4b (3.1.4b)
)))
("C:\Users\josep\AppData\Local\Programs\MiKTeX 2.9\tex\generic\pgf\systemlayer\
pgfsyssoftpath.code.tex"
File: pgfsyssoftpath.code.tex 2019/08/03 v3.1.4b (3.1.4b)
\pgfsyssoftpath@smallbuffer@items=\count93
\pgfsyssoftpath@bigbuffer@items=\count94
)
("C:\Users\josep\AppData\Local\Programs\MiKTeX 2.9\tex\generic\pgf\systemlayer\
pgfsysprotocol.code.tex"
File: pgfsysprotocol.code.tex 2019/08/03 v3.1.4b (3.1.4b)
))
("C:\Users\josep\AppData\Local\Programs\MiKTeX 2.9\tex\latex\xcolor\xcolor.sty"
Package: xcolor 2016/05/11 v2.12 LaTeX color extensions (UK)

("C:\Users\josep\AppData\Local\Programs\MiKTeX 2.9\tex\latex\graphics-cfg\color
.cfg"
File: color.cfg 2016/01/02 v1.6 sample color configuration
)
Package xcolor Info: Driver file: pdftex.def on input line 225.
Package xcolor Info: Model `cmy' substituted by `cmy0' on input line 1348.
Package xcolor Info: Model `hsb' substituted by `rgb' on input line 1352.
Package xcolor Info: Model `RGB' extended on input line 1364.
Package xcolor Info: Model `HTML' substituted by `rgb' on input line 1366.
Package xcolor Info: Model `Hsb' substituted by `hsb' on input line 1367.
Package xcolor Info: Model `tHsb' substituted by `hsb' on input line 1368.
Package xcolor Info: Model `HSB' substituted by `hsb' on input line 1369.
Package xcolor Info: Model `Gray' substituted by `gray' on input line 1370.
Package xcolor Info: Model `wave' substituted by `hsb' on input line 1371.
)
("C:\Users\josep\AppData\Local\Programs\MiKTeX 2.9\tex\generic\pgf\basiclayer\p
gfcore.code.tex"
Package: pgfcore 2019/08/03 v3.1.4b (3.1.4b)

("C:\Users\josep\AppData\Local\Programs\MiKTeX 2.9\tex\generic\pgf\math\pgfmath
.code.tex"
("C:\Users\josep\AppData\Local\Programs\MiKTeX 2.9\tex\generic\pgf\math\pgfmath
calc.code.tex"
("C:\Users\josep\AppData\Local\Programs\MiKTeX 2.9\tex\generic\pgf\math\pgfmath
util.code.tex")
("C:\Users\josep\AppData\Local\Programs\MiKTeX 2.9\tex\generic\pgf\math\pgfmath
parser.code.tex"
\pgfmath@dimen=\dimen117
\pgfmath@count=\count95
\pgfmath@box=\box27
\pgfmath@toks=\toks22
\pgfmath@stack@operand=\toks23
\pgfmath@stack@operation=\toks24
)
("C:\Users\josep\AppData\Local\Programs\MiKTeX 2.9\tex\generic\pgf\math\pgfmath
functions.code.tex"
("C:\Users\josep\AppData\Local\Programs\MiKTeX 2.9\tex\generic\pgf\math\pgfmath
functions.basic.code.tex")
("C:\Users\josep\AppData\Local\Programs\MiKTeX 2.9\tex\generic\pgf\math\pgfmath
functions.trigonometric.code.tex")
("C:\Users\josep\AppData\Local\Programs\MiKTeX 2.9\tex\generic\pgf\math\pgfmath
functions.random.code.tex")
("C:\Users\josep\AppData\Local\Programs\MiKTeX 2.9\tex\generic\pgf\math\pgfmath
functions.comparison.code.tex")
("C:\Users\josep\AppData\Local\Programs\MiKTeX 2.9\tex\generic\pgf\math\pgfmath
functions.base.code.tex")
("C:\Users\josep\AppData\Local\Programs\MiKTeX 2.9\tex\generic\pgf\math\pgfmath
functions.round.code.tex")
("C:\Users\josep\AppData\Local\Programs\MiKTeX 2.9\tex\generic\pgf\math\pgfmath
functions.misc.code.tex")
("C:\Users\josep\AppData\Local\Programs\MiKTeX 2.9\tex\generic\pgf\math\pgfmath
functions.integerarithmetics.code.tex")))
("C:\Users\josep\AppData\Local\Programs\MiKTeX 2.9\tex\generic\pgf\math\pgfmath
float.code.tex"
\c@pgfmathroundto@lastzeros=\count96
))
("C:\Users\josep\AppData\Local\Programs\MiKTeX 2.9\tex\generic\pgf\math\pgfint.
code.tex")
("C:\Users\josep\AppData\Local\Programs\MiKTeX 2.9\tex\generic\pgf\basiclayer\p
gfcorepoints.code.tex"
File: pgfcorepoints.code.tex 2019/08/03 v3.1.4b (3.1.4b)
\pgf@picminx=\dimen118
\pgf@picmaxx=\dimen119
\pgf@picminy=\dimen120
\pgf@picmaxy=\dimen121
\pgf@pathminx=\dimen122
\pgf@pathmaxx=\dimen123
\pgf@pathminy=\dimen124
\pgf@pathmaxy=\dimen125
\pgf@xx=\dimen126
\pgf@xy=\dimen127
\pgf@yx=\dimen128
\pgf@yy=\dimen129
\pgf@zx=\dimen130
\pgf@zy=\dimen131
)
("C:\Users\josep\AppData\Local\Programs\MiKTeX 2.9\tex\generic\pgf\basiclayer\p
gfcorepathconstruct.code.tex"
File: pgfcorepathconstruct.code.tex 2019/08/03 v3.1.4b (3.1.4b)
\pgf@path@lastx=\dimen132
\pgf@path@lasty=\dimen133
)
("C:\Users\josep\AppData\Local\Programs\MiKTeX 2.9\tex\generic\pgf\basiclayer\p
gfcorepathusage.code.tex"
File: pgfcorepathusage.code.tex 2019/08/03 v3.1.4b (3.1.4b)
\pgf@shorten@end@additional=\dimen134
\pgf@shorten@start@additional=\dimen135
)
("C:\Users\josep\AppData\Local\Programs\MiKTeX 2.9\tex\generic\pgf\basiclayer\p
gfcorescopes.code.tex"
File: pgfcorescopes.code.tex 2019/08/03 v3.1.4b (3.1.4b)
\pgfpic=\box28
\pgf@hbox=\box29
\pgf@layerbox@main=\box30
\pgf@picture@serial@count=\count97
)
("C:\Users\josep\AppData\Local\Programs\MiKTeX 2.9\tex\generic\pgf\basiclayer\p
gfcoregraphicstate.code.tex"
File: pgfcoregraphicstate.code.tex 2019/08/03 v3.1.4b (3.1.4b)
\pgflinewidth=\dimen136
)
("C:\Users\josep\AppData\Local\Programs\MiKTeX 2.9\tex\generic\pgf\basiclayer\p
gfcoretransformations.code.tex"
File: pgfcoretransformations.code.tex 2019/08/03 v3.1.4b (3.1.4b)
\pgf@pt@x=\dimen137
\pgf@pt@y=\dimen138
\pgf@pt@temp=\dimen139
)
("C:\Users\josep\AppData\Local\Programs\MiKTeX 2.9\tex\generic\pgf\basiclayer\p
gfcorequick.code.tex"
File: pgfcorequick.code.tex 2019/08/03 v3.1.4b (3.1.4b)
)
("C:\Users\josep\AppData\Local\Programs\MiKTeX 2.9\tex\generic\pgf\basiclayer\p
gfcoreobjects.code.tex"
File: pgfcoreobjects.code.tex 2019/08/03 v3.1.4b (3.1.4b)
)
("C:\Users\josep\AppData\Local\Programs\MiKTeX 2.9\tex\generic\pgf\basiclayer\p
gfcorepathprocessing.code.tex"
File: pgfcorepathprocessing.code.tex 2019/08/03 v3.1.4b (3.1.4b)
)
("C:\Users\josep\AppData\Local\Programs\MiKTeX 2.9\tex\generic\pgf\basiclayer\p
gfcorearrows.code.tex"
File: pgfcorearrows.code.tex 2019/08/03 v3.1.4b (3.1.4b)
\pgfarrowsep=\dimen140
)
("C:\Users\josep\AppData\Local\Programs\MiKTeX 2.9\tex\generic\pgf\basiclayer\p
gfcoreshade.code.tex"
File: pgfcoreshade.code.tex 2019/08/03 v3.1.4b (3.1.4b)
\pgf@max=\dimen141
\pgf@sys@shading@range@num=\count98
\pgf@shadingcount=\count99
)
("C:\Users\josep\AppData\Local\Programs\MiKTeX 2.9\tex\generic\pgf\basiclayer\p
gfcoreimage.code.tex"
File: pgfcoreimage.code.tex 2019/08/03 v3.1.4b (3.1.4b)

("C:\Users\josep\AppData\Local\Programs\MiKTeX 2.9\tex\generic\pgf\basiclayer\p
gfcoreexternal.code.tex"
File: pgfcoreexternal.code.tex 2019/08/03 v3.1.4b (3.1.4b)
\pgfexternal@startupbox=\box31
))
("C:\Users\josep\AppData\Local\Programs\MiKTeX 2.9\tex\generic\pgf\basiclayer\p
gfcorelayers.code.tex"
File: pgfcorelayers.code.tex 2019/08/03 v3.1.4b (3.1.4b)
)
("C:\Users\josep\AppData\Local\Programs\MiKTeX 2.9\tex\generic\pgf\basiclayer\p
gfcoretransparency.code.tex"
File: pgfcoretransparency.code.tex 2019/08/03 v3.1.4b (3.1.4b)
)
("C:\Users\josep\AppData\Local\Programs\MiKTeX 2.9\tex\generic\pgf\basiclayer\p
gfcorepatterns.code.tex"
File: pgfcorepatterns.code.tex 2019/08/03 v3.1.4b (3.1.4b)
)
("C:\Users\josep\AppData\Local\Programs\MiKTeX 2.9\tex\generic\pgf\basiclayer\p
gfcorerdf.code.tex"
File: pgfcorerdf.code.tex 2019/08/03 v3.1.4b (3.1.4b)
)))
("C:\Users\josep\AppData\Local\Programs\MiKTeX 2.9\tex\generic\pgf\modules\pgfm
oduleshapes.code.tex"
File: pgfmoduleshapes.code.tex 2019/08/03 v3.1.4b (3.1.4b)
\pgfnodeparttextbox=\box32
)
("C:\Users\josep\AppData\Local\Programs\MiKTeX 2.9\tex\generic\pgf\modules\pgfm
oduleplot.code.tex"
File: pgfmoduleplot.code.tex 2019/08/03 v3.1.4b (3.1.4b)
)
("C:\Users\josep\AppData\Local\Programs\MiKTeX 2.9\tex\latex\pgf\compatibility\
pgfcomp-version-0-65.sty"
Package: pgfcomp-version-0-65 2019/08/03 v3.1.4b (3.1.4b)
\pgf@nodesepstart=\dimen142
\pgf@nodesepend=\dimen143
)
("C:\Users\josep\AppData\Local\Programs\MiKTeX 2.9\tex\latex\pgf\compatibility\
pgfcomp-version-1-18.sty"
Package: pgfcomp-version-1-18 2019/08/03 v3.1.4b (3.1.4b)
))
("C:\Users\josep\AppData\Local\Programs\MiKTeX 2.9\tex\latex\tools\verbatim.sty
"
Package: verbatim 2014/10/28 v1.5q LaTeX2e package for verbatim enhancements
\every@verbatim=\toks25
\verbatim@line=\toks26
\verbatim@in@stream=\read2
)
("C:\Users\josep\AppData\Local\Programs\MiKTeX 2.9\tex\latex\environ\environ.st
y"
Package: environ 2014/05/04 v0.3 A new way to define environments

("C:\Users\josep\AppData\Local\Programs\MiKTeX 2.9\tex\latex\trimspaces\trimspa
ces.sty"
Package: trimspaces 2009/09/17 v1.1 Trim spaces around a token list
)
\@envbody=\toks27
)
("C:\Users\josep\AppData\Local\Programs\MiKTeX 2.9\tex\latex\etoolbox\etoolbox.
sty"
Package: etoolbox 2019/09/21 v2.5h e-TeX tools for LaTeX (JAW)
\etb@tempcnta=\count100
)
\tcb@titlebox=\box33
\tcb@upperbox=\box34
\tcb@lowerbox=\box35
\tcb@phantombox=\box36
\c@tcbbreakpart=\count101
\c@tcblayer=\count102
\tcolorbox@number=\count103
\tcb@temp=\box37
\tcb@temp=\box38
\tcb@temp=\box39
\tcb@temp=\box40
\tcb@out=\write4
\tcb@record@out=\write5

("C:\Users\josep\AppData\Local\Programs\MiKTeX 2.9\tex\latex\tcolorbox\tcbbreak
able.code.tex"
Library (tcolorbox): 'tcbbreakable.code.tex' version '4.21'
\tcb@testbox=\box41
\tcb@totalupperbox=\box42
\tcb@totallowerbox=\box43
))
("C:\Users\josep\AppData\Local\Programs\MiKTeX 2.9\tex\latex\parskip\parskip.st
y"
Package: parskip 2019-01-16 v2.0c non-zero parskip adjustments

("C:\Users\josep\AppData\Local\Programs\MiKTeX 2.9\tex\latex\oberdiek\kvoptions
.sty"
Package: kvoptions 2016/05/16 v3.12 Key value format for package options (HO)

("C:\Users\josep\AppData\Local\Programs\MiKTeX 2.9\tex\generic\oberdiek\ltxcmds
.sty"
Package: ltxcmds 2016/05/16 v1.23 LaTeX kernel commands for general use (HO)
)
("C:\Users\josep\AppData\Local\Programs\MiKTeX 2.9\tex\generic\oberdiek\kvsetke
ys.sty"
Package: kvsetkeys 2016/05/16 v1.17 Key value parser (HO)

("C:\Users\josep\AppData\Local\Programs\MiKTeX 2.9\tex\generic\oberdiek\infware
rr.sty"
Package: infwarerr 2016/05/16 v1.4 Providing info/warning/error messages (HO)
)
("C:\Users\josep\AppData\Local\Programs\MiKTeX 2.9\tex\generic\oberdiek\etexcmd
s.sty"
Package: etexcmds 2016/05/16 v1.6 Avoid name clashes with e-TeX commands (HO)

("C:\Users\josep\AppData\Local\Programs\MiKTeX 2.9\tex\generic\oberdiek\ifluate
x.sty"
Package: ifluatex 2016/05/16 v1.4 Provides the ifluatex switch (HO)
Package ifluatex Info: LuaTeX not detected.
)
Package etexcmds Info: Could not find \expanded.
(etexcmds)             That can mean that you are not using pdfTeX 1.50 or
(etexcmds)             that some package has redefined \expanded.
(etexcmds)             In the latter case, load this package earlier.
))))
("C:\Users\josep\AppData\Local\Programs\MiKTeX 2.9\tex\latex\iftex\iftex.sty"
Package: iftex 2013/04/04 v0.2 Provides if(tex) conditional for PDFTeX, XeTeX, 
and LuaTeX
)
("C:\Users\josep\AppData\Local\Programs\MiKTeX 2.9\tex\latex\base\fontenc.sty"
Package: fontenc 2017/04/05 v2.0i Standard LaTeX package

("C:\Users\josep\AppData\Local\Programs\MiKTeX 2.9\tex\latex\base\t1enc.def"
File: t1enc.def 2017/04/05 v2.0i Standard LaTeX file
LaTeX Font Info:    Redeclaring font encoding T1 on input line 48.
))
("C:\Users\josep\AppData\Local\Programs\MiKTeX 2.9\tex\latex\psnfss\mathpazo.st
y"
Package: mathpazo 2005/04/12 PSNFSS-v9.2a Palatino w/ Pazo Math (D.Puga, WaS) 
\symupright=\mathgroup4
)
("C:\Users\josep\AppData\Local\Programs\MiKTeX 2.9\tex\latex\caption\caption.st
y"
Package: caption 2019/09/01 v3.3d Customizing captions (AR)

("C:\Users\josep\AppData\Local\Programs\MiKTeX 2.9\tex\latex\caption\caption3.s
ty"
Package: caption3 2019/09/01 v1.8d caption3 kernel (AR)
Package caption3 Info: TeX engine: e-TeX on input line 64.
\captionmargin=\dimen144
\captionmargin@=\dimen145
\captionwidth=\dimen146
\caption@tempdima=\dimen147
\caption@indent=\dimen148
\caption@parindent=\dimen149
\caption@hangindent=\dimen150
)
\c@caption@flags=\count104
\c@ContinuedFloat=\count105
)
("C:\Users\josep\AppData\Local\Programs\MiKTeX 2.9\tex\latex\adjustbox\adjustbo
x.sty"
Package: adjustbox 2019/01/04 v1.2 Adjusting TeX boxes (trim, clip, ...)

("C:\Users\josep\AppData\Local\Programs\MiKTeX 2.9\tex\latex\xkeyval\xkeyval.st
y"
Package: xkeyval 2014/12/03 v2.7a package option processing (HA)

("C:\Users\josep\AppData\Local\Programs\MiKTeX 2.9\tex\generic\xkeyval\xkeyval.
tex"
("C:\Users\josep\AppData\Local\Programs\MiKTeX 2.9\tex\generic\xkeyval\xkvutils
.tex"
\XKV@toks=\toks28
\XKV@tempa@toks=\toks29
)
\XKV@depth=\count106
File: xkeyval.tex 2014/12/03 v2.7a key=value parser (HA)
))
("C:\Users\josep\AppData\Local\Programs\MiKTeX 2.9\tex\latex\adjustbox\adjcalc.
sty"
Package: adjcalc 2012/05/16 v1.1 Provides advanced setlength with multiple back
-ends (calc, etex, pgfmath)
)
("C:\Users\josep\AppData\Local\Programs\MiKTeX 2.9\tex\latex\adjustbox\trimclip
.sty"
Package: trimclip 2018/04/08 v1.1 Trim and clip general TeX material

("C:\Users\josep\AppData\Local\Programs\MiKTeX 2.9\tex\latex\collectbox\collect
box.sty"
Package: collectbox 2012/05/17 v0.4b Collect macro arguments as boxes
\collectedbox=\box44
)
\tc@llx=\dimen151
\tc@lly=\dimen152
\tc@urx=\dimen153
\tc@ury=\dimen154
Package trimclip Info: Using driver 'tc-pdftex.def'.

("C:\Users\josep\AppData\Local\Programs\MiKTeX 2.9\tex\latex\adjustbox\tc-pdfte
x.def"
File: tc-pdftex.def 2019/01/04 v2.2 Clipping driver for pdftex
))
\adjbox@Width=\dimen155
\adjbox@Height=\dimen156
\adjbox@Depth=\dimen157
\adjbox@Totalheight=\dimen158
\adjbox@pwidth=\dimen159
\adjbox@pheight=\dimen160
\adjbox@pdepth=\dimen161
\adjbox@ptotalheight=\dimen162

("C:\Users\josep\AppData\Local\Programs\MiKTeX 2.9\tex\latex\ifoddpage\ifoddpag
e.sty"
Package: ifoddpage 2016/04/23 v1.1 Conditionals for odd/even page detection
\c@checkoddpage=\count107
)
("C:\Users\josep\AppData\Local\Programs\MiKTeX 2.9\tex\latex\varwidth\varwidth.
sty"
Package: varwidth 2009/03/30 ver 0.92;  Variable-width minipages
\@vwid@box=\box45
\sift@deathcycles=\count108
\@vwid@loff=\dimen163
\@vwid@roff=\dimen164
))
("C:\Users\josep\AppData\Local\Programs\MiKTeX 2.9\tex\latex\float\float.sty"
Package: float 2001/11/08 v1.3d Float enhancements (AL)
\c@float@type=\count109
\float@exts=\toks30
\float@box=\box46
\@float@everytoks=\toks31
\@floatcapt=\box47
)
("C:\Users\josep\AppData\Local\Programs\MiKTeX 2.9\tex\latex\tools\enumerate.st
y"
Package: enumerate 2015/07/23 v3.00 enumerate extensions (DPC)
\@enLab=\toks32
)
("C:\Users\josep\AppData\Local\Programs\MiKTeX 2.9\tex\latex\geometry\geometry.
sty"
Package: geometry 2018/04/16 v5.8 Page Geometry

("C:\Users\josep\AppData\Local\Programs\MiKTeX 2.9\tex\generic\oberdiek\ifpdf.s
ty"
Package: ifpdf 2017/03/15 v3.2 Provides the ifpdf switch
)
("C:\Users\josep\AppData\Local\Programs\MiKTeX 2.9\tex\generic\oberdiek\ifvtex.
sty"
Package: ifvtex 2016/05/16 v1.6 Detect VTeX and its facilities (HO)
Package ifvtex Info: VTeX not detected.
)
("C:\Users\josep\AppData\Local\Programs\MiKTeX 2.9\tex\generic\ifxetex\ifxetex.
sty"
Package: ifxetex 2010/09/12 v0.6 Provides ifxetex conditional
)
\Gm@cnth=\count110
\Gm@cntv=\count111
\c@Gm@tempcnt=\count112
\Gm@bindingoffset=\dimen165
\Gm@wd@mp=\dimen166
\Gm@odd@mp=\dimen167
\Gm@even@mp=\dimen168
\Gm@layoutwidth=\dimen169
\Gm@layoutheight=\dimen170
\Gm@layouthoffset=\dimen171
\Gm@layoutvoffset=\dimen172
\Gm@dimlist=\toks33

("C:\Users\josep\AppData\Local\Programs\MiKTeX 2.9\tex\latex\geometry\geometry.
cfg"))
("C:\Users\josep\AppData\Local\Programs\MiKTeX 2.9\tex\latex\amsmath\amsmath.st
y"
Package: amsmath 2017/09/02 v2.17a AMS math features
\@mathmargin=\skip43

For additional information on amsmath, use the `?' option.

("C:\Users\josep\AppData\Local\Programs\MiKTeX 2.9\tex\latex\amsmath\amstext.st
y"
Package: amstext 2000/06/29 v2.01 AMS text

("C:\Users\josep\AppData\Local\Programs\MiKTeX 2.9\tex\latex\amsmath\amsgen.sty
"
File: amsgen.sty 1999/11/30 v2.0 generic functions
\@emptytoks=\toks34
\ex@=\dimen173
))
("C:\Users\josep\AppData\Local\Programs\MiKTeX 2.9\tex\latex\amsmath\amsbsy.sty
"
Package: amsbsy 1999/11/29 v1.2d Bold Symbols
\pmbraise@=\dimen174
)
("C:\Users\josep\AppData\Local\Programs\MiKTeX 2.9\tex\latex\amsmath\amsopn.sty
"
Package: amsopn 2016/03/08 v2.02 operator names
)
\inf@bad=\count113
LaTeX Info: Redefining \frac on input line 213.
\uproot@=\count114
\leftroot@=\count115
LaTeX Info: Redefining \overline on input line 375.
\classnum@=\count116
\DOTSCASE@=\count117
LaTeX Info: Redefining \ldots on input line 472.
LaTeX Info: Redefining \dots on input line 475.
LaTeX Info: Redefining \cdots on input line 596.
\Mathstrutbox@=\box48
\strutbox@=\box49
\big@size=\dimen175
LaTeX Font Info:    Redeclaring font encoding OML on input line 712.
LaTeX Font Info:    Redeclaring font encoding OMS on input line 713.
\macc@depth=\count118
\c@MaxMatrixCols=\count119
\dotsspace@=\muskip10
\c@parentequation=\count120
\dspbrk@lvl=\count121
\tag@help=\toks35
\row@=\count122
\column@=\count123
\maxfields@=\count124
\andhelp@=\toks36
\eqnshift@=\dimen176
\alignsep@=\dimen177
\tagshift@=\dimen178
\tagwidth@=\dimen179
\totwidth@=\dimen180
\lineht@=\dimen181
\@envbody=\toks37
\multlinegap=\skip44
\multlinetaggap=\skip45
\mathdisplay@stack=\toks38
LaTeX Info: Redefining \[ on input line 2817.
LaTeX Info: Redefining \] on input line 2818.
)
("C:\Users\josep\AppData\Local\Programs\MiKTeX 2.9\tex\latex\amsfonts\amssymb.s
ty"
Package: amssymb 2013/01/14 v3.01 AMS font symbols

("C:\Users\josep\AppData\Local\Programs\MiKTeX 2.9\tex\latex\amsfonts\amsfonts.
sty"
Package: amsfonts 2013/01/14 v3.01 Basic AMSFonts support
\symAMSa=\mathgroup5
\symAMSb=\mathgroup6
LaTeX Font Info:    Overwriting math alphabet `\mathfrak' in version `bold'
(Font)                  U/euf/m/n --> U/euf/b/n on input line 106.
))
("C:\Users\josep\AppData\Local\Programs\MiKTeX 2.9\tex\latex\base\textcomp.sty"
Package: textcomp 2017/04/05 v2.0i Standard LaTeX package
Package textcomp Info: Sub-encoding information:
(textcomp)               5 = only ISO-Adobe without \textcurrency
(textcomp)               4 = 5 + \texteuro
(textcomp)               3 = 4 + \textohm
(textcomp)               2 = 3 + \textestimated + \textcurrency
(textcomp)               1 = TS1 - \textcircled - \t
(textcomp)               0 = TS1 (full)
(textcomp)             Font families with sub-encoding setting implement
(textcomp)             only a restricted character set as indicated.
(textcomp)             Family '?' is the default used for unknown fonts.
(textcomp)             See the documentation for details.
Package textcomp Info: Setting ? sub-encoding to TS1/1 on input line 79.
("C:\Users\josep\AppData\Local\Programs\MiKTeX 2.9\tex\latex\base\ts1enc.def"
File: ts1enc.def 2001/06/05 v3.0e (jk/car/fm) Standard LaTeX file
Now handling font encoding TS1 ...
... processing UTF-8 mapping file for font encoding TS1

("C:\Users\josep\AppData\Local\Programs\MiKTeX 2.9\tex\latex\base\ts1enc.dfu"
File: ts1enc.dfu 2018/04/05 v1.2c UTF-8 support for inputenc
   defining Unicode char U+00A2 (decimal 162)
   defining Unicode char U+00A3 (decimal 163)
   defining Unicode char U+00A4 (decimal 164)
   defining Unicode char U+00A5 (decimal 165)
   defining Unicode char U+00A6 (decimal 166)
   defining Unicode char U+00A7 (decimal 167)
   defining Unicode char U+00A8 (decimal 168)
   defining Unicode char U+00A9 (decimal 169)
   defining Unicode char U+00AA (decimal 170)
   defining Unicode char U+00AC (decimal 172)
   defining Unicode char U+00AE (decimal 174)
   defining Unicode char U+00AF (decimal 175)
   defining Unicode char U+00B0 (decimal 176)
   defining Unicode char U+00B1 (decimal 177)
   defining Unicode char U+00B2 (decimal 178)
   defining Unicode char U+00B3 (decimal 179)
   defining Unicode char U+00B4 (decimal 180)
   defining Unicode char U+00B5 (decimal 181)
   defining Unicode char U+00B6 (decimal 182)
   defining Unicode char U+00B7 (decimal 183)
   defining Unicode char U+00B9 (decimal 185)
   defining Unicode char U+00BA (decimal 186)
   defining Unicode char U+00BC (decimal 188)
   defining Unicode char U+00BD (decimal 189)
   defining Unicode char U+00BE (decimal 190)
   defining Unicode char U+00D7 (decimal 215)
   defining Unicode char U+00F7 (decimal 247)
   defining Unicode char U+0192 (decimal 402)
   defining Unicode char U+02C7 (decimal 711)
   defining Unicode char U+02D8 (decimal 728)
   defining Unicode char U+02DD (decimal 733)
   defining Unicode char U+0E3F (decimal 3647)
   defining Unicode char U+2016 (decimal 8214)
   defining Unicode char U+2020 (decimal 8224)
   defining Unicode char U+2021 (decimal 8225)
   defining Unicode char U+2022 (decimal 8226)
   defining Unicode char U+2030 (decimal 8240)
   defining Unicode char U+2031 (decimal 8241)
   defining Unicode char U+203B (decimal 8251)
   defining Unicode char U+203D (decimal 8253)
   defining Unicode char U+2044 (decimal 8260)
   defining Unicode char U+204E (decimal 8270)
   defining Unicode char U+2052 (decimal 8274)
   defining Unicode char U+20A1 (decimal 8353)
   defining Unicode char U+20A4 (decimal 8356)
   defining Unicode char U+20A6 (decimal 8358)
   defining Unicode char U+20A9 (decimal 8361)
   defining Unicode char U+20AB (decimal 8363)
   defining Unicode char U+20AC (decimal 8364)
   defining Unicode char U+20B1 (decimal 8369)
   defining Unicode char U+2103 (decimal 8451)
   defining Unicode char U+2116 (decimal 8470)
   defining Unicode char U+2117 (decimal 8471)
   defining Unicode char U+211E (decimal 8478)
   defining Unicode char U+2120 (decimal 8480)
   defining Unicode char U+2122 (decimal 8482)
   defining Unicode char U+2126 (decimal 8486)
   defining Unicode char U+2127 (decimal 8487)
   defining Unicode char U+212E (decimal 8494)
   defining Unicode char U+2190 (decimal 8592)
   defining Unicode char U+2191 (decimal 8593)
   defining Unicode char U+2192 (decimal 8594)
   defining Unicode char U+2193 (decimal 8595)
   defining Unicode char U+2329 (decimal 9001)
   defining Unicode char U+232A (decimal 9002)
   defining Unicode char U+2422 (decimal 9250)
   defining Unicode char U+25E6 (decimal 9702)
   defining Unicode char U+25EF (decimal 9711)
   defining Unicode char U+266A (decimal 9834)
   defining Unicode char U+FEFF (decimal 65279)
))
LaTeX Info: Redefining \oldstylenums on input line 334.
Package textcomp Info: Setting cmr sub-encoding to TS1/0 on input line 349.
Package textcomp Info: Setting cmss sub-encoding to TS1/0 on input line 350.
Package textcomp Info: Setting cmtt sub-encoding to TS1/0 on input line 351.
Package textcomp Info: Setting cmvtt sub-encoding to TS1/0 on input line 352.
Package textcomp Info: Setting cmbr sub-encoding to TS1/0 on input line 353.
Package textcomp Info: Setting cmtl sub-encoding to TS1/0 on input line 354.
Package textcomp Info: Setting ccr sub-encoding to TS1/0 on input line 355.
Package textcomp Info: Setting ptm sub-encoding to TS1/4 on input line 356.
Package textcomp Info: Setting pcr sub-encoding to TS1/4 on input line 357.
Package textcomp Info: Setting phv sub-encoding to TS1/4 on input line 358.
Package textcomp Info: Setting ppl sub-encoding to TS1/3 on input line 359.
Package textcomp Info: Setting pag sub-encoding to TS1/4 on input line 360.
Package textcomp Info: Setting pbk sub-encoding to TS1/4 on input line 361.
Package textcomp Info: Setting pnc sub-encoding to TS1/4 on input line 362.
Package textcomp Info: Setting pzc sub-encoding to TS1/4 on input line 363.
Package textcomp Info: Setting bch sub-encoding to TS1/4 on input line 364.
Package textcomp Info: Setting put sub-encoding to TS1/5 on input line 365.
Package textcomp Info: Setting uag sub-encoding to TS1/5 on input line 366.
Package textcomp Info: Setting ugq sub-encoding to TS1/5 on input line 367.
Package textcomp Info: Setting ul8 sub-encoding to TS1/4 on input line 368.
Package textcomp Info: Setting ul9 sub-encoding to TS1/4 on input line 369.
Package textcomp Info: Setting augie sub-encoding to TS1/5 on input line 370.
Package textcomp Info: Setting dayrom sub-encoding to TS1/3 on input line 371.
Package textcomp Info: Setting dayroms sub-encoding to TS1/3 on input line 372.

Package textcomp Info: Setting pxr sub-encoding to TS1/0 on input line 373.
Package textcomp Info: Setting pxss sub-encoding to TS1/0 on input line 374.
Package textcomp Info: Setting pxtt sub-encoding to TS1/0 on input line 375.
Package textcomp Info: Setting txr sub-encoding to TS1/0 on input line 376.
Package textcomp Info: Setting txss sub-encoding to TS1/0 on input line 377.
Package textcomp Info: Setting txtt sub-encoding to TS1/0 on input line 378.
Package textcomp Info: Setting lmr sub-encoding to TS1/0 on input line 379.
Package textcomp Info: Setting lmdh sub-encoding to TS1/0 on input line 380.
Package textcomp Info: Setting lmss sub-encoding to TS1/0 on input line 381.
Package textcomp Info: Setting lmssq sub-encoding to TS1/0 on input line 382.
Package textcomp Info: Setting lmvtt sub-encoding to TS1/0 on input line 383.
Package textcomp Info: Setting lmtt sub-encoding to TS1/0 on input line 384.
Package textcomp Info: Setting qhv sub-encoding to TS1/0 on input line 385.
Package textcomp Info: Setting qag sub-encoding to TS1/0 on input line 386.
Package textcomp Info: Setting qbk sub-encoding to TS1/0 on input line 387.
Package textcomp Info: Setting qcr sub-encoding to TS1/0 on input line 388.
Package textcomp Info: Setting qcs sub-encoding to TS1/0 on input line 389.
Package textcomp Info: Setting qpl sub-encoding to TS1/0 on input line 390.
Package textcomp Info: Setting qtm sub-encoding to TS1/0 on input line 391.
Package textcomp Info: Setting qzc sub-encoding to TS1/0 on input line 392.
Package textcomp Info: Setting qhvc sub-encoding to TS1/0 on input line 393.
Package textcomp Info: Setting futs sub-encoding to TS1/4 on input line 394.
Package textcomp Info: Setting futx sub-encoding to TS1/4 on input line 395.
Package textcomp Info: Setting futj sub-encoding to TS1/4 on input line 396.
Package textcomp Info: Setting hlh sub-encoding to TS1/3 on input line 397.
Package textcomp Info: Setting hls sub-encoding to TS1/3 on input line 398.
Package textcomp Info: Setting hlst sub-encoding to TS1/3 on input line 399.
Package textcomp Info: Setting hlct sub-encoding to TS1/5 on input line 400.
Package textcomp Info: Setting hlx sub-encoding to TS1/5 on input line 401.
Package textcomp Info: Setting hlce sub-encoding to TS1/5 on input line 402.
Package textcomp Info: Setting hlcn sub-encoding to TS1/5 on input line 403.
Package textcomp Info: Setting hlcw sub-encoding to TS1/5 on input line 404.
Package textcomp Info: Setting hlcf sub-encoding to TS1/5 on input line 405.
Package textcomp Info: Setting pplx sub-encoding to TS1/3 on input line 406.
Package textcomp Info: Setting pplj sub-encoding to TS1/3 on input line 407.
Package textcomp Info: Setting ptmx sub-encoding to TS1/4 on input line 408.
Package textcomp Info: Setting ptmj sub-encoding to TS1/4 on input line 409.
)
("C:\Users\josep\AppData\Local\Programs\MiKTeX 2.9\tex\latex\upquote\upquote.st
y"
Package: upquote 2012/04/19 v1.3 upright-quote and grave-accent glyphs in verba
tim
)
("C:\Users\josep\AppData\Local\Programs\MiKTeX 2.9\tex\latex\eurosym\eurosym.st
y"
Package: eurosym 1998/08/06 v1.1 European currency symbol ``Euro''
\@eurobox=\box50
) ("C:\Users\josep\AppData\Local\Programs\MiKTeX 2.9\tex\latex\ucs\ucs.sty"
Package: ucs 2013/05/11 v2.2 UCS: Unicode input support

("C:\Users\josep\AppData\Local\Programs\MiKTeX 2.9\tex\latex\ucs\uni-global.def
"
File: uni-global.def 2013/05/13 UCS: Unicode global data
)
\uc@secondtry=\count125
\uc@combtoks=\toks39
\uc@combtoksb=\toks40
\uc@temptokena=\toks41
)
("C:\Users\josep\AppData\Local\Programs\MiKTeX 2.9\tex\latex\fancyvrb\fancyvrb.
sty"
Package: fancyvrb 2019/01/15
 Style option: `fancyvrb' v3.2a <2019/01/15> (tvz)
\FV@CodeLineNo=\count126
\FV@InFile=\read3
\FV@TabBox=\box51
\c@FancyVerbLine=\count127
\FV@StepNumber=\count128
\FV@OutFile=\write6
)
("C:\Users\josep\AppData\Local\Programs\MiKTeX 2.9\tex\latex\oberdiek\grffile.s
ty"
Package: grffile 2017/06/30 v1.18 Extended file name support for graphics (HO)

("C:\Users\josep\AppData\Local\Programs\MiKTeX 2.9\tex\generic\oberdiek\pdftexc
mds.sty"
Package: pdftexcmds 2018/01/30 v0.27 Utility functions of pdfTeX for LuaTeX (HO
)
Package pdftexcmds Info: LuaTeX not detected.
Package pdftexcmds Info: \pdf@primitive is available.
Package pdftexcmds Info: \pdf@ifprimitive is available.
Package pdftexcmds Info: \pdfdraftmode found.
)
Package grffile Info: Option `multidot' is set to `true'.
Package grffile Info: Option `extendedchars' is set to `false'.
Package grffile Info: Option `space' is set to `true'.
Package grffile Info: \Gin@ii of package `graphicx' fixed on input line 494.
)
("C:\Users\josep\AppData\Local\Programs\MiKTeX 2.9\tex\latex\hyperref\hyperref.
sty"
Package: hyperref 2018/02/06 v6.86b Hypertext links for LaTeX

("C:\Users\josep\AppData\Local\Programs\MiKTeX 2.9\tex\generic\oberdiek\hobsub-
hyperref.sty"
Package: hobsub-hyperref 2016/05/16 v1.14 Bundle oberdiek, subset hyperref (HO)


("C:\Users\josep\AppData\Local\Programs\MiKTeX 2.9\tex\generic\oberdiek\hobsub-
generic.sty"
Package: hobsub-generic 2016/05/16 v1.14 Bundle oberdiek, subset generic (HO)
Package: hobsub 2016/05/16 v1.14 Construct package bundles (HO)
Package hobsub Info: Skipping package `infwarerr' (already loaded).
Package hobsub Info: Skipping package `ltxcmds' (already loaded).
Package hobsub Info: Skipping package `ifluatex' (already loaded).
Package hobsub Info: Skipping package `ifvtex' (already loaded).
Package: intcalc 2016/05/16 v1.2 Expandable calculations with integers (HO)
Package hobsub Info: Skipping package `ifpdf' (already loaded).
Package hobsub Info: Skipping package `etexcmds' (already loaded).
Package hobsub Info: Skipping package `kvsetkeys' (already loaded).
Package: kvdefinekeys 2016/05/16 v1.4 Define keys (HO)
Package hobsub Info: Skipping package `pdftexcmds' (already loaded).
Package: pdfescape 2016/05/16 v1.14 Implements pdfTeX's escape features (HO)
Package: bigintcalc 2016/05/16 v1.4 Expandable calculations on big integers (HO
)
Package: bitset 2016/05/16 v1.2 Handle bit-vector datatype (HO)
Package: uniquecounter 2016/05/16 v1.3 Provide unlimited unique counter (HO)
)
Package hobsub Info: Skipping package `hobsub' (already loaded).
Package: letltxmacro 2016/05/16 v1.5 Let assignment for LaTeX macros (HO)
Package: hopatch 2016/05/16 v1.3 Wrapper for package hooks (HO)
Package: xcolor-patch 2016/05/16 xcolor patch
Package: atveryend 2016/05/16 v1.9 Hooks at the very end of document (HO)
Package: atbegshi 2016/06/09 v1.18 At begin shipout hook (HO)
Package: refcount 2016/05/16 v3.5 Data extraction from label references (HO)
Package: hycolor 2016/05/16 v1.8 Color options for hyperref/bookmark (HO)
)
("C:\Users\josep\AppData\Local\Programs\MiKTeX 2.9\tex\latex\oberdiek\auxhook.s
ty"
Package: auxhook 2016/05/16 v1.4 Hooks for auxiliary files (HO)
)
\@linkdim=\dimen182
\Hy@linkcounter=\count129
\Hy@pagecounter=\count130

("C:\Users\josep\AppData\Local\Programs\MiKTeX 2.9\tex\latex\hyperref\pd1enc.de
f"
File: pd1enc.def 2018/02/06 v6.86b Hyperref: PDFDocEncoding definition (HO)
Now handling font encoding PD1 ...
... no UTF-8 mapping file for font encoding PD1
)
\Hy@SavedSpaceFactor=\count131

("C:\Users\josep\AppData\Local\Programs\MiKTeX 2.9\tex\latex\00miktex\hyperref.
cfg"
File: hyperref.cfg 2002/06/06 v1.2 hyperref configuration of TeXLive
)
Package hyperref Info: Hyper figures OFF on input line 4509.
Package hyperref Info: Link nesting OFF on input line 4514.
Package hyperref Info: Hyper index ON on input line 4517.
Package hyperref Info: Plain pages OFF on input line 4524.
Package hyperref Info: Backreferencing OFF on input line 4529.
Package hyperref Info: Implicit mode ON; LaTeX internals redefined.
Package hyperref Info: Bookmarks ON on input line 4762.
\c@Hy@tempcnt=\count132
 ("C:\Users\josep\AppData\Local\Programs\MiKTeX 2.9\tex\latex\url\url.sty"
\Urlmuskip=\muskip11
Package: url 2013/09/16  ver 3.4  Verb mode for urls, etc.
)
LaTeX Info: Redefining \url on input line 5115.
\XeTeXLinkMargin=\dimen183
\Fld@menulength=\count133
\Field@Width=\dimen184
\Fld@charsize=\dimen185
Package hyperref Info: Hyper figures OFF on input line 6369.
Package hyperref Info: Link nesting OFF on input line 6374.
Package hyperref Info: Hyper index ON on input line 6377.
Package hyperref Info: backreferencing OFF on input line 6384.
Package hyperref Info: Link coloring OFF on input line 6389.
Package hyperref Info: Link coloring with OCG OFF on input line 6394.
Package hyperref Info: PDF/A mode OFF on input line 6399.
LaTeX Info: Redefining \ref on input line 6439.
LaTeX Info: Redefining \pageref on input line 6443.
\Hy@abspage=\count134
\c@Item=\count135
\c@Hfootnote=\count136
)
Package hyperref Info: Driver (autodetected): hpdftex.

("C:\Users\josep\AppData\Local\Programs\MiKTeX 2.9\tex\latex\hyperref\hpdftex.d
ef"
File: hpdftex.def 2018/02/06 v6.86b Hyperref driver for pdfTeX
\Fld@listcount=\count137
\c@bookmark@seq@number=\count138

("C:\Users\josep\AppData\Local\Programs\MiKTeX 2.9\tex\latex\oberdiek\rerunfile
check.sty"
Package: rerunfilecheck 2016/05/16 v1.8 Rerun checks for auxiliary files (HO)
Package uniquecounter Info: New unique counter `rerunfilecheck' on input line 2
82.
)
\Hy@SectionHShift=\skip46
)
("C:\Users\josep\AppData\Local\Programs\MiKTeX 2.9\tex\latex\titling\titling.st
y"
Package: titling 2009/09/04 v2.1d maketitle typesetting
\thanksmarkwidth=\skip47
\thanksmargin=\skip48
\droptitle=\skip49
)
("C:\Users\josep\AppData\Local\Programs\MiKTeX 2.9\tex\latex\tools\longtable.st
y"
Package: longtable 2014/10/28 v4.11 Multi-page Table package (DPC)
\LTleft=\skip50
\LTright=\skip51
\LTpre=\skip52
\LTpost=\skip53
\LTchunksize=\count139
\LTcapwidth=\dimen186
\LT@head=\box52
\LT@firsthead=\box53
\LT@foot=\box54
\LT@lastfoot=\box55
\LT@cols=\count140
\LT@rows=\count141
\c@LT@tables=\count142
\c@LT@chunks=\count143
\LT@p@ftn=\toks42
)
("C:\Users\josep\AppData\Local\Programs\MiKTeX 2.9\tex\latex\booktabs\booktabs.
sty"
Package: booktabs 2005/04/14 v1.61803 publication quality tables
\heavyrulewidth=\dimen187
\lightrulewidth=\dimen188
\cmidrulewidth=\dimen189
\belowrulesep=\dimen190
\belowbottomsep=\dimen191
\aboverulesep=\dimen192
\abovetopsep=\dimen193
\cmidrulesep=\dimen194
\cmidrulekern=\dimen195
\defaultaddspace=\dimen196
\@cmidla=\count144
\@cmidlb=\count145
\@aboverulesep=\dimen197
\@belowrulesep=\dimen198
\@thisruleclass=\count146
\@lastruleclass=\count147
\@thisrulewidth=\dimen199
)
("C:\Users\josep\AppData\Local\Programs\MiKTeX 2.9\tex\latex\enumitem\enumitem.
sty"
Package: enumitem 2011/09/28 v3.5.2 Customized lists
\labelindent=\skip54
\enit@outerparindent=\dimen256
\enit@toks=\toks43
\enit@inbox=\box56
\enitdp@description=\count148
) ("C:\Users\josep\AppData\Local\Programs\MiKTeX 2.9\tex\latex\ulem\ulem.sty"
\UL@box=\box57
\UL@hyphenbox=\box58
\UL@skip=\skip55
\UL@hook=\toks44
\UL@height=\dimen257
\UL@pe=\count149
\UL@pixel=\dimen258
\ULC@box=\box59
Package: ulem 2012/05/18
\ULdepth=\dimen259
)
("C:\Users\josep\AppData\Local\Programs\MiKTeX 2.9\tex\latex\jknappen\mathrsfs.
sty"
Package: mathrsfs 1996/01/01 Math RSFS package v1.0 (jk)
\symrsfs=\mathgroup7
)
\Wrappedcontinuationbox=\box60
\Wrappedvisiblespacebox=\box61
Package hyperref Info: Option `breaklinks' set `true' on input line 359.
Package hyperref Info: Option `colorlinks' set `true' on input line 359.
 (HW3.aux)
\openout1 = `HW3.aux'.

LaTeX Font Info:    Checking defaults for OML/cmm/m/it on input line 366.
LaTeX Font Info:    ... okay on input line 366.
LaTeX Font Info:    Checking defaults for T1/cmr/m/n on input line 366.
LaTeX Font Info:    ... okay on input line 366.
LaTeX Font Info:    Checking defaults for OT1/cmr/m/n on input line 366.
LaTeX Font Info:    ... okay on input line 366.
LaTeX Font Info:    Checking defaults for OMS/cmsy/m/n on input line 366.
LaTeX Font Info:    ... okay on input line 366.
LaTeX Font Info:    Checking defaults for OMX/cmex/m/n on input line 366.
LaTeX Font Info:    ... okay on input line 366.
LaTeX Font Info:    Checking defaults for U/cmr/m/n on input line 366.
LaTeX Font Info:    ... okay on input line 366.
LaTeX Font Info:    Checking defaults for TS1/cmr/m/n on input line 366.
LaTeX Font Info:    Try loading font information for TS1+cmr on input line 366.


("C:\Users\josep\AppData\Local\Programs\MiKTeX 2.9\tex\latex\base\ts1cmr.fd"
File: ts1cmr.fd 2014/09/29 v2.5h Standard LaTeX font definitions
)
LaTeX Font Info:    ... okay on input line 366.
LaTeX Font Info:    Checking defaults for PD1/pdf/m/n on input line 366.
LaTeX Font Info:    ... okay on input line 366.
LaTeX Font Info:    Try loading font information for T1+ppl on input line 366.

("C:\Users\josep\AppData\Local\Programs\MiKTeX 2.9\tex\latex\psnfss\t1ppl.fd"
File: t1ppl.fd 2001/06/04 font definitions for T1/ppl.
)
ABD: EveryShipout initializing macros
("C:\Users\josep\AppData\Local\Programs\MiKTeX 2.9\tex\context\base\supp-pdf.mk
ii"
[Loading MPS to PDF converter (version 2006.09.02).]
\scratchcounter=\count150
\scratchdimen=\dimen260
\scratchbox=\box62
\nofMPsegments=\count151
\nofMParguments=\count152
\everyMPshowfont=\toks45
\MPscratchCnt=\count153
\MPscratchDim=\dimen261
\MPnumerator=\count154
\makeMPintoPDFobject=\count155
\everyMPtoPDFconversion=\toks46
)
("C:\Users\josep\AppData\Local\Programs\MiKTeX 2.9\tex\latex\oberdiek\epstopdf-
base.sty"
Package: epstopdf-base 2016/05/15 v2.6 Base part for package epstopdf

("C:\Users\josep\AppData\Local\Programs\MiKTeX 2.9\tex\latex\oberdiek\grfext.st
y"
Package: grfext 2016/05/16 v1.2 Manage graphics extensions (HO)
)
Package epstopdf-base Info: Redefining graphics rule for `.eps' on input line 4
38.
Package grfext Info: Graphics extension search list:
(grfext)             [.pdf,.png,.jpg,.mps,.jpeg,.jbig2,.jb2,.PDF,.PNG,.JPG,.JPE
G,.JBIG2,.JB2,.eps]
(grfext)             \AppendGraphicsExtensions on input line 456.
)
Package caption Info: Begin \AtBeginDocument code.
Package caption Info: float package is loaded.
Package caption Info: hyperref package is loaded.
Package caption Info: longtable package is loaded.

("C:\Users\josep\AppData\Local\Programs\MiKTeX 2.9\tex\latex\caption\ltcaption.
sty"
Package: ltcaption 2018/08/26 v1.4a longtable captions (AR)
)
Package caption Info: End \AtBeginDocument code.

*geometry* driver: auto-detecting
*geometry* detected driver: pdftex
*geometry* verbose mode - [ preamble ] result:
* driver: pdftex
* paper: <default>
* layout: <same size as paper>
* layoutoffset:(h,v)=(0.0pt,0.0pt)
* modes: 
* h-part:(L,W,R)=(72.26999pt, 469.75502pt, 72.26999pt)
* v-part:(T,H,B)=(72.26999pt, 650.43001pt, 72.26999pt)
* \paperwidth=614.295pt
* \paperheight=794.96999pt
* \textwidth=469.75502pt
* \textheight=650.43001pt
* \oddsidemargin=0.0pt
* \evensidemargin=0.0pt
* \topmargin=-37.0pt
* \headheight=12.0pt
* \headsep=25.0pt
* \topskip=11.0pt
* \footskip=30.0pt
* \marginparwidth=59.0pt
* \marginparsep=10.0pt
* \columnsep=10.0pt
* \skip\footins=10.0pt plus 4.0pt minus 2.0pt
* \hoffset=0.0pt
* \voffset=0.0pt
* \mag=1000
* \@twocolumnfalse
* \@twosidefalse
* \@mparswitchfalse
* \@reversemarginfalse
* (1in=72.27pt=25.4mm, 1cm=28.453pt)

("C:\Users\josep\AppData\Local\Programs\MiKTeX 2.9\tex\latex\ucs\ucsencs.def"
File: ucsencs.def 2011/01/21 Fixes to fontencodings LGR, T3
)
\AtBeginShipoutBox=\box63
Package hyperref Info: Link coloring ON on input line 366.

("C:\Users\josep\AppData\Local\Programs\MiKTeX 2.9\tex\latex\hyperref\nameref.s
ty"
Package: nameref 2016/05/21 v2.44 Cross-referencing by name of section

("C:\Users\josep\AppData\Local\Programs\MiKTeX 2.9\tex\generic\oberdiek\gettitl
estring.sty"
Package: gettitlestring 2016/05/16 v1.5 Cleanup title references (HO)
)
\c@section@level=\count156
)
LaTeX Info: Redefining \ref on input line 366.
LaTeX Info: Redefining \pageref on input line 366.
LaTeX Info: Redefining \nameref on input line 366.
 (HW3.out) (HW3.out)
\@outlinefile=\write7
\openout7 = `HW3.out'.

LaTeX Font Info:    Try loading font information for OT1+ppl on input line 368.


("C:\Users\josep\AppData\Local\Programs\MiKTeX 2.9\tex\latex\psnfss\ot1ppl.fd"
File: ot1ppl.fd 2001/06/04 font definitions for OT1/ppl.
)
LaTeX Font Info:    Try loading font information for OML+zplm on input line 368
.
("C:\Users\josep\AppData\Local\Programs\MiKTeX 2.9\tex\latex\psnfss\omlzplm.fd"
File: omlzplm.fd 2002/09/08 Fontinst v1.914 font definitions for OML/zplm.
)
LaTeX Font Info:    Try loading font information for OMS+zplm on input line 368
.
 ("C:\Users\josep\AppData\Local\Programs\MiKTeX 2.9\tex\latex\psnfss\omszplm.fd
"
File: omszplm.fd 2002/09/08 Fontinst v1.914 font definitions for OMS/zplm.
)
LaTeX Font Info:    Try loading font information for OMX+zplm on input line 368
.

("C:\Users\josep\AppData\Local\Programs\MiKTeX 2.9\tex\latex\psnfss\omxzplm.fd"
File: omxzplm.fd 2002/09/08 Fontinst v1.914 font definitions for OMX/zplm.
)
LaTeX Font Info:    Try loading font information for OT1+zplm on input line 368
.
 ("C:\Users\josep\AppData\Local\Programs\MiKTeX 2.9\tex\latex\psnfss\ot1zplm.fd
"
File: ot1zplm.fd 2002/09/08 Fontinst v1.914 font definitions for OT1/zplm.
)
LaTeX Font Info:    Font shape `U/msa/m/n' will be
(Font)              scaled to size 12.50409pt on input line 368.
LaTeX Font Info:    Font shape `U/msa/m/n' will be
(Font)              scaled to size 9.37807pt on input line 368.
LaTeX Font Info:    Font shape `U/msa/m/n' will be
(Font)              scaled to size 7.29405pt on input line 368.
LaTeX Font Info:    Font shape `U/msb/m/n' will be
(Font)              scaled to size 12.50409pt on input line 368.
LaTeX Font Info:    Font shape `U/msb/m/n' will be
(Font)              scaled to size 9.37807pt on input line 368.
LaTeX Font Info:    Font shape `U/msb/m/n' will be
(Font)              scaled to size 7.29405pt on input line 368.
LaTeX Font Info:    Try loading font information for U+rsfs on input line 368.

("C:\Users\josep\AppData\Local\Programs\MiKTeX 2.9\tex\latex\jknappen\ursfs.fd"
File: ursfs.fd 1998/03/24 rsfs font definition file (jk)
)

LaTeX Warning: No \author given.

LaTeX Font Info:    Font shape `T1/ppl/bx/n' in size <14.4> not available
(Font)              Font shape `T1/ppl/b/n' tried instead on input line 375.
LaTeX Font Info:    Font shape `T1/ppl/bx/n' in size <12> not available
(Font)              Font shape `T1/ppl/b/n' tried instead on input line 378.
LaTeX Font Info:    Font shape `T1/ppl/bx/n' in size <10.95> not available
(Font)              Font shape `T1/ppl/b/n' tried instead on input line 382.
LaTeX Font Info:    Try loading font information for TS1+ppl on input line 394.

("C:\Users\josep\AppData\Local\Programs\MiKTeX 2.9\tex\latex\psnfss\ts1ppl.fd"
File: ts1ppl.fd 2001/06/04 font definitions for TS1/ppl.
)
LaTeX Font Info:    Try loading font information for T1+cmtt on input line 429.

("C:\Users\josep\AppData\Local\Programs\MiKTeX 2.9\tex\latex\base\t1cmtt.fd"
File: t1cmtt.fd 2014/09/29 v2.5h Standard LaTeX font definitions
)
[1

{C:/Users/josep/AppData/Local/MiKTeX/2.9/pdftex/config/pdftex.map}]
<problem1_example.png, id=105, 760.8425pt x 623.32875pt>
File: problem1_example.png Graphic file (type png)
<use problem1_example.png>
Package pdftex.def Info: problem1_example.png  used on input line 553.
(pdftex.def)             Requested size: 760.84064pt x 623.32722pt.
 [2]
LaTeX Font Info:    Font shape `U/msa/m/n' will be
(Font)              scaled to size 6.25204pt on input line 559.
LaTeX Font Info:    Font shape `U/msa/m/n' will be
(Font)              scaled to size 5.21004pt on input line 559.
LaTeX Font Info:    Font shape `U/msb/m/n' will be
(Font)              scaled to size 6.25204pt on input line 559.
LaTeX Font Info:    Font shape `U/msb/m/n' will be
(Font)              scaled to size 5.21004pt on input line 559.
LaTeX Font Info:    Font shape `T1/cmtt/bx/n' in size <10.95> not available
(Font)              Font shape `T1/cmtt/m/n' tried instead on input line 561.

[3 <./problem1_example.png>]
LaTeX Font Info:    Try loading font information for TS1+cmtt on input line 585
.

("C:\Users\josep\AppData\Local\Programs\MiKTeX 2.9\tex\latex\base\ts1cmtt.fd"
File: ts1cmtt.fd 2014/09/29 v2.5h Standard LaTeX font definitions
)
<output_3_1.png, id=129, 251.94125pt x 251.94125pt>
File: output_3_1.png Graphic file (type png)
<use output_3_1.png>
Package pdftex.def Info: output_3_1.png  used on input line 592.
(pdftex.def)             Requested size: 251.94063pt x 251.94063pt.

Underfull \hbox (badness 10000) in paragraph at lines 594--595

 []

<output_3_3.png, id=130, 251.94125pt x 251.94125pt>
File: output_3_3.png Graphic file (type png)
<use output_3_3.png>
Package pdftex.def Info: output_3_3.png  used on input line 603.
(pdftex.def)             Requested size: 251.94063pt x 251.94063pt.
[4 <./output_3_1.png>]
Underfull \hbox (badness 10000) in paragraph at lines 605--606

 []

<output_3_5.png, id=137, 251.94125pt x 251.94125pt>
File: output_3_5.png Graphic file (type png)
<use output_3_5.png>
Package pdftex.def Info: output_3_5.png  used on input line 614.
(pdftex.def)             Requested size: 251.94063pt x 251.94063pt.

Underfull \hbox (badness 10000) in paragraph at lines 616--617

 []

[5 <./output_3_3.png> <./output_3_5.png>]
<output_3_7.png, id=144, 251.94125pt x 251.94125pt>
File: output_3_7.png Graphic file (type png)
<use output_3_7.png>
Package pdftex.def Info: output_3_7.png  used on input line 625.
(pdftex.def)             Requested size: 251.94063pt x 251.94063pt.

Underfull \hbox (badness 10000) in paragraph at lines 627--628

 []

[6 <./output_3_7.png>] [7] [8] [9] [10]
<output_7_1.png, id=170, 251.94125pt x 251.94125pt>
File: output_7_1.png Graphic file (type png)
<use output_7_1.png>
Package pdftex.def Info: output_7_1.png  used on input line 872.
(pdftex.def)             Requested size: 251.94063pt x 251.94063pt.

Underfull \hbox (badness 10000) in paragraph at lines 874--875

 []

<output_7_2.png, id=171, 369.38pt x 133.49875pt>
File: output_7_2.png Graphic file (type png)
<use output_7_2.png>
Package pdftex.def Info: output_7_2.png  used on input line 877.
(pdftex.def)             Requested size: 369.37909pt x 133.4984pt.

Underfull \hbox (badness 10000) in paragraph at lines 879--880

 []

<output_7_3.png, id=172, 294.09875pt x 287.0725pt>
File: output_7_3.png Graphic file (type png)
<use output_7_3.png>
Package pdftex.def Info: output_7_3.png  used on input line 882.
(pdftex.def)             Requested size: 294.09802pt x 287.0718pt.
[11 <./output_7_1.png> <./output_7_2.png>]
Underfull \hbox (badness 10000) in paragraph at lines 884--885

 []

<output_7_4.png, id=179, 350.30875pt x 231.86626pt>
File: output_7_4.png Graphic file (type png)
<use output_7_4.png>
Package pdftex.def Info: output_7_4.png  used on input line 887.
(pdftex.def)             Requested size: 350.30789pt x 231.86568pt.

Underfull \hbox (badness 10000) in paragraph at lines 889--890

 []

<output_7_5.png, id=180, 350.30875pt x 231.86626pt>
File: output_7_5.png Graphic file (type png)
<use output_7_5.png>
Package pdftex.def Info: output_7_5.png  used on input line 892.
(pdftex.def)             Requested size: 350.30789pt x 231.86568pt.
[12 <./output_7_3.png> <./output_7_4.png>]
Underfull \hbox (badness 10000) in paragraph at lines 894--895

 []

<output_7_7.png, id=187, 251.94125pt x 251.94125pt>
File: output_7_7.png Graphic file (type png)
<use output_7_7.png>
Package pdftex.def Info: output_7_7.png  used on input line 901.
(pdftex.def)             Requested size: 251.94063pt x 251.94063pt.

Underfull \hbox (badness 10000) in paragraph at lines 903--904

 []

<output_7_8.png, id=188, 369.38pt x 133.49875pt>
File: output_7_8.png Graphic file (type png)
<use output_7_8.png>
Package pdftex.def Info: output_7_8.png  used on input line 906.
(pdftex.def)             Requested size: 369.37909pt x 133.4984pt.
[13 <./output_7_5.png> <./output_7_7.png>]
Underfull \hbox (badness 10000) in paragraph at lines 908--909

 []

<output_7_9.png, id=196, 294.09875pt x 287.0725pt>
File: output_7_9.png Graphic file (type png)
<use output_7_9.png>
Package pdftex.def Info: output_7_9.png  used on input line 911.
(pdftex.def)             Requested size: 294.09802pt x 287.0718pt.

Underfull \hbox (badness 10000) in paragraph at lines 913--914

 []

<output_7_10.png, id=197, 350.30875pt x 231.86626pt>
File: output_7_10.png Graphic file (type png)
<use output_7_10.png>
Package pdftex.def Info: output_7_10.png  used on input line 916.
(pdftex.def)             Requested size: 350.30789pt x 231.86568pt.
[14 <./output_7_8.png> <./output_7_9.png>]
Underfull \hbox (badness 10000) in paragraph at lines 918--919

 []

<output_7_11.png, id=204, 350.30875pt x 231.86626pt>
File: output_7_11.png Graphic file (type png)
<use output_7_11.png>
Package pdftex.def Info: output_7_11.png  used on input line 921.
(pdftex.def)             Requested size: 350.30789pt x 231.86568pt.

Underfull \hbox (badness 10000) in paragraph at lines 923--924

 []

[15 <./output_7_10.png> <./output_7_11.png>]
LaTeX Font Info:    Font shape `U/msa/m/n' will be
(Font)              scaled to size 11.40997pt on input line 954.
LaTeX Font Info:    Font shape `U/msa/m/n' will be
(Font)              scaled to size 8.33606pt on input line 954.
LaTeX Font Info:    Font shape `U/msb/m/n' will be
(Font)              scaled to size 11.40997pt on input line 954.
LaTeX Font Info:    Font shape `U/msb/m/n' will be
(Font)              scaled to size 8.33606pt on input line 954.

Underfull \hbox (badness 10000) in paragraph at lines 962--964
[]\T1/ppl/m/n/10.95 Note: You will find all the data for this part in \T1/cmtt/
m/n/10.95 specular_sphere.pickle \T1/ppl/m/n/10.95 and
 []

[16] [17]
<output_10_1.png, id=224, 600.2425pt x 211.79124pt>
File: output_10_1.png Graphic file (type png)
<use output_10_1.png>
Package pdftex.def Info: output_10_1.png  used on input line 1085.
(pdftex.def)             Requested size: 600.24103pt x 211.79073pt.

Underfull \hbox (badness 10000) in paragraph at lines 1087--1088

 []

<output_10_3.png, id=225, 600.2425pt x 252.945pt>
File: output_10_3.png Graphic file (type png)
<use output_10_3.png>
Package pdftex.def Info: output_10_3.png  used on input line 1094.
(pdftex.def)             Requested size: 600.24103pt x 252.94438pt.
[18 <./output_10_1.png>]
Underfull \hbox (badness 10000) in paragraph at lines 1096--1097

 []

[19 <./output_10_3.png>] [20] [21] [22] [23] [24]
<output_12_1.png, id=264, 257.96375pt x 252.945pt>
File: output_12_1.png Graphic file (type png)
<use output_12_1.png>
Package pdftex.def Info: output_12_1.png  used on input line 1391.
(pdftex.def)             Requested size: 257.9631pt x 252.94438pt.

Underfull \hbox (badness 10000) in paragraph at lines 1393--1394

 []

<output_12_2.png, id=265, 376.40625pt x 133.49875pt>
File: output_12_2.png Graphic file (type png)
<use output_12_2.png>
Package pdftex.def Info: output_12_2.png  used on input line 1396.
(pdftex.def)             Requested size: 376.40532pt x 133.4984pt.

Underfull \hbox (badness 10000) in paragraph at lines 1398--1399

 []

<output_12_3.png, id=266, 294.09875pt x 287.0725pt>
File: output_12_3.png Graphic file (type png)
<use output_12_3.png>
Package pdftex.def Info: output_12_3.png  used on input line 1401.
(pdftex.def)             Requested size: 294.09802pt x 287.0718pt.
[25 <./output_12_1.png> <./output_12_2.png>]
Underfull \hbox (badness 10000) in paragraph at lines 1403--1404

 []

<output_12_4.png, id=274, 350.30875pt x 231.86626pt>
File: output_12_4.png Graphic file (type png)
<use output_12_4.png>
Package pdftex.def Info: output_12_4.png  used on input line 1406.
(pdftex.def)             Requested size: 350.30789pt x 231.86568pt.

Underfull \hbox (badness 10000) in paragraph at lines 1408--1409

 []

<output_12_5.png, id=275, 350.30875pt x 231.86626pt>
File: output_12_5.png Graphic file (type png)
<use output_12_5.png>
Package pdftex.def Info: output_12_5.png  used on input line 1411.
(pdftex.def)             Requested size: 350.30789pt x 231.86568pt.
[26 <./output_12_3.png> <./output_12_4.png>]
Underfull \hbox (badness 10000) in paragraph at lines 1413--1414

 []

<output_12_7.png, id=282, 214.8025pt x 252.945pt>
File: output_12_7.png Graphic file (type png)
<use output_12_7.png>
Package pdftex.def Info: output_12_7.png  used on input line 1420.
(pdftex.def)             Requested size: 214.80197pt x 252.94438pt.

Underfull \hbox (badness 10000) in paragraph at lines 1422--1423

 []

<output_12_8.png, id=283, 376.40625pt x 158.5925pt>
File: output_12_8.png Graphic file (type png)
<use output_12_8.png>
Package pdftex.def Info: output_12_8.png  used on input line 1425.
(pdftex.def)             Requested size: 376.40532pt x 158.59209pt.
[27 <./output_12_5.png> <./output_12_7.png>]
Underfull \hbox (badness 10000) in paragraph at lines 1427--1428

 []

<output_12_9.png, id=290, 294.09875pt x 287.0725pt>
File: output_12_9.png Graphic file (type png)
<use output_12_9.png>
Package pdftex.def Info: output_12_9.png  used on input line 1430.
(pdftex.def)             Requested size: 294.09802pt x 287.0718pt.

Underfull \hbox (badness 10000) in paragraph at lines 1432--1433

 []

<output_12_10.png, id=291, 350.30875pt x 231.86626pt>
File: output_12_10.png Graphic file (type png)
<use output_12_10.png>
Package pdftex.def Info: output_12_10.png  used on input line 1435.
(pdftex.def)             Requested size: 350.30789pt x 231.86568pt.
[28 <./output_12_8.png> <./output_12_9.png>]
Underfull \hbox (badness 10000) in paragraph at lines 1437--1438

 []

<output_12_11.png, id=298, 350.30875pt x 231.86626pt>
File: output_12_11.png Graphic file (type png)
<use output_12_11.png>
Package pdftex.def Info: output_12_11.png  used on input line 1440.
(pdftex.def)             Requested size: 350.30789pt x 231.86568pt.

Underfull \hbox (badness 10000) in paragraph at lines 1442--1443

 []

<output_12_13.png, id=299, 257.96375pt x 252.945pt>
File: output_12_13.png Graphic file (type png)
<use output_12_13.png>
Package pdftex.def Info: output_12_13.png  used on input line 1449.
(pdftex.def)             Requested size: 257.9631pt x 252.94438pt.
[29 <./output_12_10.png> <./output_12_11.png>]
Underfull \hbox (badness 10000) in paragraph at lines 1451--1452

 []

<output_12_14.png, id=306, 376.40625pt x 133.49875pt>
File: output_12_14.png Graphic file (type png)
<use output_12_14.png>
Package pdftex.def Info: output_12_14.png  used on input line 1454.
(pdftex.def)             Requested size: 376.40532pt x 133.4984pt.

Underfull \hbox (badness 10000) in paragraph at lines 1456--1457

 []

<output_12_15.png, id=307, 294.09875pt x 287.0725pt>
File: output_12_15.png Graphic file (type png)
<use output_12_15.png>
Package pdftex.def Info: output_12_15.png  used on input line 1459.
(pdftex.def)             Requested size: 294.09802pt x 287.0718pt.
[30 <./output_12_13.png> <./output_12_14.png>]
Underfull \hbox (badness 10000) in paragraph at lines 1461--1462

 []

<output_12_16.png, id=314, 350.30875pt x 231.86626pt>
File: output_12_16.png Graphic file (type png)
<use output_12_16.png>
Package pdftex.def Info: output_12_16.png  used on input line 1464.
(pdftex.def)             Requested size: 350.30789pt x 231.86568pt.

Underfull \hbox (badness 10000) in paragraph at lines 1466--1467

 []

<output_12_17.png, id=315, 350.30875pt x 231.86626pt>
File: output_12_17.png Graphic file (type png)
<use output_12_17.png>
Package pdftex.def Info: output_12_17.png  used on input line 1469.
(pdftex.def)             Requested size: 350.30789pt x 231.86568pt.
[31 <./output_12_15.png> <./output_12_16.png>]
Underfull \hbox (badness 10000) in paragraph at lines 1471--1472

 []

<output_12_19.png, id=323, 214.8025pt x 252.945pt>
File: output_12_19.png Graphic file (type png)
<use output_12_19.png>
Package pdftex.def Info: output_12_19.png  used on input line 1478.
(pdftex.def)             Requested size: 214.80197pt x 252.94438pt.

Underfull \hbox (badness 10000) in paragraph at lines 1480--1481

 []

<output_12_20.png, id=324, 376.40625pt x 158.5925pt>
File: output_12_20.png Graphic file (type png)
<use output_12_20.png>
Package pdftex.def Info: output_12_20.png  used on input line 1483.
(pdftex.def)             Requested size: 376.40532pt x 158.59209pt.
[32 <./output_12_17.png> <./output_12_19.png>]
Underfull \hbox (badness 10000) in paragraph at lines 1485--1486

 []

<output_12_21.png, id=331, 294.09875pt x 287.0725pt>
File: output_12_21.png Graphic file (type png)
<use output_12_21.png>
Package pdftex.def Info: output_12_21.png  used on input line 1488.
(pdftex.def)             Requested size: 294.09802pt x 287.0718pt.

Underfull \hbox (badness 10000) in paragraph at lines 1490--1491

 []

<output_12_22.png, id=332, 350.30875pt x 231.86626pt>
File: output_12_22.png Graphic file (type png)
<use output_12_22.png>
Package pdftex.def Info: output_12_22.png  used on input line 1493.
(pdftex.def)             Requested size: 350.30789pt x 231.86568pt.
[33 <./output_12_20.png> <./output_12_21.png>]
Underfull \hbox (badness 10000) in paragraph at lines 1495--1496

 []

<output_12_23.png, id=339, 350.30875pt x 231.86626pt>
File: output_12_23.png Graphic file (type png)
<use output_12_23.png>
Package pdftex.def Info: output_12_23.png  used on input line 1498.
(pdftex.def)             Requested size: 350.30789pt x 231.86568pt.

Underfull \hbox (badness 10000) in paragraph at lines 1500--1501

 []

[34 <./output_12_22.png> <./output_12_23.png>]
<output_14_0.png, id=350, 282.05376pt x 252.945pt>
File: output_14_0.png Graphic file (type png)
<use output_14_0.png>
Package pdftex.def Info: output_14_0.png  used on input line 1539.
(pdftex.def)             Requested size: 282.05305pt x 252.94438pt.

Underfull \hbox (badness 10000) in paragraph at lines 1541--1542

 []

[35 <./output_14_0.png>] [36] [37]
<output_18_1.png, id=367, 307.1475pt x 129.48375pt>
File: output_18_1.png Graphic file (type png)
<use output_18_1.png>
Package pdftex.def Info: output_18_1.png  used on input line 1671.
(pdftex.def)             Requested size: 307.14674pt x 129.48341pt.

Underfull \hbox (badness 10000) in paragraph at lines 1673--1674

 []

<output_18_3.png, id=368, 307.1475pt x 129.48375pt>
File: output_18_3.png Graphic file (type png)
<use output_18_3.png>
Package pdftex.def Info: output_18_3.png  used on input line 1680.
(pdftex.def)             Requested size: 307.14674pt x 129.48341pt.

Underfull \hbox (badness 10000) in paragraph at lines 1682--1683

 []

<output_18_5.png, id=369, 307.1475pt x 129.48375pt>
File: output_18_5.png Graphic file (type png)
<use output_18_5.png>
Package pdftex.def Info: output_18_5.png  used on input line 1689.
(pdftex.def)             Requested size: 307.14674pt x 129.48341pt.

Underfull \hbox (badness 10000) in paragraph at lines 1691--1692

 []

[38 <./output_18_1.png> <./output_18_3.png> <./output_18_5.png>]
<output_20_1.png, id=378, 354.32375pt x 129.48375pt>
File: output_20_1.png Graphic file (type png)
<use output_20_1.png>
Package pdftex.def Info: output_20_1.png  used on input line 1742.
(pdftex.def)             Requested size: 354.32288pt x 129.48341pt.

Underfull \hbox (badness 10000) in paragraph at lines 1744--1745

 []

[39 <./output_20_1.png>] [40] [41]
<output_28_0.png, id=404, 655.44875pt x 903.375pt>
File: output_28_0.png Graphic file (type png)
<use output_28_0.png>
Package pdftex.def Info: output_28_0.png  used on input line 1898.
(pdftex.def)             Requested size: 655.44714pt x 903.3728pt.
 [42]
Underfull \hbox (badness 10000) in paragraph at lines 1900--1901

 []

[43 <./output_28_0.png>] [44] [45]
<output_30_1.png, id=424, 257.96375pt x 252.945pt>
File: output_30_1.png Graphic file (type png)
<use output_30_1.png>
Package pdftex.def Info: output_30_1.png  used on input line 2031.
(pdftex.def)             Requested size: 257.9631pt x 252.94438pt.

Underfull \hbox (badness 10000) in paragraph at lines 2033--2034

 []

<output_30_3.png, id=425, 257.96375pt x 252.945pt>
File: output_30_3.png Graphic file (type png)
<use output_30_3.png>
Package pdftex.def Info: output_30_3.png  used on input line 2040.
(pdftex.def)             Requested size: 257.9631pt x 252.94438pt.
[46 <./output_30_1.png>]
Underfull \hbox (badness 10000) in paragraph at lines 2042--2043

 []

<output_30_5.png, id=431, 257.96375pt x 252.945pt>
File: output_30_5.png Graphic file (type png)
<use output_30_5.png>
Package pdftex.def Info: output_30_5.png  used on input line 2049.
(pdftex.def)             Requested size: 257.9631pt x 252.94438pt.

Underfull \hbox (badness 10000) in paragraph at lines 2051--2052

 []

<output_30_7.png, id=432, 257.96375pt x 252.945pt>
File: output_30_7.png Graphic file (type png)
<use output_30_7.png>
Package pdftex.def Info: output_30_7.png  used on input line 2058.
(pdftex.def)             Requested size: 257.9631pt x 252.94438pt.
[47 <./output_30_3.png> <./output_30_5.png>]
Underfull \hbox (badness 10000) in paragraph at lines 2060--2061

 []

<output_30_9.png, id=439, 257.96375pt x 252.945pt>
File: output_30_9.png Graphic file (type png)
<use output_30_9.png>
Package pdftex.def Info: output_30_9.png  used on input line 2067.
(pdftex.def)             Requested size: 257.9631pt x 252.94438pt.

Underfull \hbox (badness 10000) in paragraph at lines 2069--2070

 []

[48 <./output_30_7.png> <./output_30_9.png>] [49]
Package atveryend Info: Empty hook `BeforeClearDocument' on input line 2090.
Package atveryend Info: Empty hook `AfterLastShipout' on input line 2090.
 (HW3.aux)
Package atveryend Info: Executing hook `AtVeryEndDocument' on input line 2090.
Package atveryend Info: Executing hook `AtEndAfterFileList' on input line 2090.

Package rerunfilecheck Info: File `HW3.out' has not changed.
(rerunfilecheck)             Checksum: 946EDF2573C20F9600512DCB803CDB67;1822.
 ) 
Here is how much of TeX's memory you used:
 21412 strings out of 492973
 395234 string characters out of 3126693
 709744 words of memory out of 3000000
 24714 multiletter control sequences out of 15000+200000
 43246 words of font info for 114 fonts, out of 3000000 for 9000
 1141 hyphenation exceptions out of 8191
 54i,8n,77p,884b,610s stack positions out of 5000i,500n,10000p,200000b,50000s
 <C:\Users\josep\AppData\Local\MiKTeX\2.9\fonts\pk\ljfour\jknappen\ec\dpi600\
tcit1095.pk> <C:\Users\josep\AppData\Local\MiKTeX\2.9\fonts\pk\ljfour\jknappen\
ec\dpi600\tctt1095.pk> <C:\Users\josep\AppData\Local\MiKTeX\2.9\fonts\pk\ljfour
\jknappen\ec\dpi600\ecit1095.pk>{C:/Users/josep/AppData/Local/Programs/MiKTeX 2
.9/fonts/enc/dvips/base/8r.enc} <C:\Users\josep\AppData\Local\MiKTeX\2.9\fonts\
pk\ljfour\jknappen\ec\dpi600\ectt1095.pk><C:/Users/josep/AppData/Local/Programs
/MiKTeX 2.9/fonts/type1/public/amsfonts/cm/cmex10.pfb><C:/Users/josep/AppData/L
ocal/Programs/MiKTeX 2.9/fonts/type1/public/amsfonts/cm/cmmi10.pfb><C:/Users/jo
sep/AppData/Local/Programs/MiKTeX 2.9/fonts/type1/public/amsfonts/cm/cmr10.pfb>
<C:/Users/josep/AppData/Local/Programs/MiKTeX 2.9/fonts/type1/public/amsfonts/c
m/cmsy10.pfb><C:/Users/josep/AppData/Local/Programs/MiKTeX 2.9/fonts/type1/publ
ic/mathpazo/fplmri.pfb><C:/Users/josep/AppData/Local/Programs/MiKTeX 2.9/fonts/
type1/public/amsfonts/symbols/msam10.pfb><C:/Users/josep/AppData/Local/Programs
/MiKTeX 2.9/fonts/type1/urw/palatino/uplb8a.pfb><C:/Users/josep/AppData/Local/P
rograms/MiKTeX 2.9/fonts/type1/urw/palatino/uplr8a.pfb><C:/Users/josep/AppData/
Local/Programs/MiKTeX 2.9/fonts/type1/urw/palatino/uplri8a.pfb>
Output written on HW3.pdf (49 pages, 2392329 bytes).
PDF statistics:
 672 PDF objects out of 1000 (max. 8388607)
 117 named destinations out of 1000 (max. 500000)
 421 words of extra memory for PDF output out of 10000 (max. 10000000)

