\BOOKMARK [1][-]{section.1}{CSE 252A Computer Vision I Fall 2019 - Homework 3}{}% 1
\BOOKMARK [2][-]{subsection.1.1}{Instructor: Ben Ochoa}{section.1}% 2
\BOOKMARK [3][-]{subsubsection.1.1.1}{Assignment published on: Tuesday, October 22, 2019}{subsection.1.1}% 3
\BOOKMARK [3][-]{subsubsection.1.1.2}{Due on: Tuesday, November 5, 2019 11:59 pm}{subsection.1.1}% 4
\BOOKMARK [2][-]{subsection.1.2}{Instructions}{section.1}% 5
\BOOKMARK [2][-]{subsection.1.3}{Problem 1: Photometric Stereo, Specularity Removal [20 pts]}{section.1}% 6
\BOOKMARK [3][-]{subsubsection.1.3.1}{Data}{subsection.1.3}% 7
\BOOKMARK [3][-]{subsubsection.1.3.2}{Part 1: Lambertian Photometric Stereo [8 pts]}{subsection.1.3}% 8
\BOOKMARK [3][-]{subsubsection.1.3.3}{Part 2: Specularity Removal [6 pts]}{subsection.1.3}% 9
\BOOKMARK [3][-]{subsubsection.1.3.4}{Part 3: Robust Photometric Stereo [6 pts]}{subsection.1.3}% 10
\BOOKMARK [2][-]{subsection.1.4}{Problem 2: Image Filtering [13 pts]}{section.1}% 11
\BOOKMARK [3][-]{subsubsection.1.4.1}{Part 1: Warmup [1.5 pts]}{subsection.1.4}% 12
\BOOKMARK [3][-]{subsubsection.1.4.2}{Part 2 [2 pts]}{subsection.1.4}% 13
\BOOKMARK [3][-]{subsubsection.1.4.3}{Your answer to Problem 2.2:}{subsection.1.4}% 14
\BOOKMARK [3][-]{subsubsection.1.4.4}{Part 3 [3 pts]}{subsection.1.4}% 15
\BOOKMARK [3][-]{subsubsection.1.4.5}{Your answer to Problem 2.3:}{subsection.1.4}% 16
\BOOKMARK [3][-]{subsubsection.1.4.6}{Part 4 [3 pts]}{subsection.1.4}% 17
\BOOKMARK [3][-]{subsubsection.1.4.7}{Your answer to Problem 2.4:}{subsection.1.4}% 18
\BOOKMARK [3][-]{subsubsection.1.4.8}{Part 5: Filters as Templates [3.5 pts]}{subsection.1.4}% 19
\BOOKMARK [2][-]{subsection.1.5}{Problem 3: Edge Detection [7 pts]}{section.1}% 20
\BOOKMARK [2][-]{subsection.1.6}{Submission Instructions}{section.1}% 21
